# JRE version: OpenJDK Runtime Environment Temurin-17.0.2+8 (17.0.2+8) (build 17.0.2+8)
# Java VM: OpenJDK 64-Bit Server VM Temurin-17.0.2+8 (17.0.2+8, mixed mode, tiered, compressed oops, compressed class ptrs, g1 gc, windows-amd64)
GC Precious Log:
 CPUs: 8 total, 8 available
 Memory: 16239M
 Large Page Support: Disabled
 NUMA Support: Disabled
 Compressed Oops: Enabled (Zero based)
 Heap Region Size: 2M
 Heap Min Capacity: 8M
 Heap Initial Capacity: 254M
 Heap Max Capacity: 4060M
 Pre-touch: Disabled
 Parallel Workers: 8
 Concurrent Workers: 2
 Concurrent Refinement Workers: 8
 Periodic GC: Disabled
Heap:
 garbage-first heap   total 34816K, used 19028K [0x0000000702400000, 0x0000000800000000)
  region size 2048K, 7 young (14336K), 1 survivors (2048K)
 Metaspace       used 31680K, committed 32064K, reserved 1081344K
  class space    used 3313K, committed 3520K, reserved 1048576K
GC Heap History (12 events):
Event: 0.811 GC heap before
{Heap before GC invocations=0 (full 0):
 garbage-first heap   total 260096K, used 24576K [0x0000000702400000, 0x0000000800000000)
  region size 2048K, 11 young (22528K), 0 survivors (0K)
 Metaspace       used 17226K, committed 17408K, reserved 1064960K
  class space    used 1678K, committed 1792K, reserved 1048576K
}
Event: 0.817 GC heap after
{Heap after GC invocations=1 (full 0):
 garbage-first heap   total 260096K, used 6209K [0x0000000702400000, 0x0000000800000000)
  region size 2048K, 2 young (4096K), 2 survivors (4096K)
 Metaspace       used 17226K, committed 17408K, reserved 1064960K
  class space    used 1678K, committed 1792K, reserved 1048576K
}
Event: 1.112 GC heap before
{Heap before GC invocations=1 (full 0):
 garbage-first heap   total 260096K, used 24641K [0x0000000702400000, 0x0000000800000000)
  region size 2048K, 12 young (24576K), 2 survivors (4096K)
 Metaspace       used 21334K, committed 21504K, reserved 1073152K
  class space    used 2134K, committed 2240K, reserved 1048576K
}
Event: 1.115 GC heap after
{Heap after GC invocations=2 (full 0):
 garbage-first heap   total 260096K, used 6352K [0x0000000702400000, 0x0000000800000000)
  region size 2048K, 1 young (2048K), 1 survivors (2048K)
 Metaspace       used 21334K, committed 21504K, reserved 1073152K
  class space    used 2134K, committed 2240K, reserved 1048576K
}
Event: 1.794 GC heap before
{Heap before GC invocations=3 (full 0):
 garbage-first heap   total 34816K, used 24784K [0x0000000702400000, 0x0000000800000000)
  region size 2048K, 10 young (20480K), 1 survivors (2048K)
 Metaspace       used 24931K, committed 25152K, reserved 1073152K
  class space    used 2581K, committed 2688K, reserved 1048576K
}
Event: 1.798 GC heap after
{Heap after GC invocations=4 (full 0):
 garbage-first heap   total 34816K, used 7805K [0x0000000702400000, 0x0000000800000000)
  region size 2048K, 2 young (4096K), 2 survivors (4096K)
 Metaspace       used 24931K, committed 25152K, reserved 1073152K
  class space    used 2581K, committed 2688K, reserved 1048576K
}
Event: 1.837 GC heap before
{Heap before GC invocations=4 (full 0):
 garbage-first heap   total 34816K, used 9853K [0x0000000702400000, 0x0000000800000000)
  region size 2048K, 3 young (6144K), 2 survivors (4096K)
 Metaspace       used 25211K, committed 25472K, reserved 1073152K
  class space    used 2608K, committed 2752K, reserved 1048576K
}
Event: 1.842 GC heap after
{Heap after GC invocations=5 (full 0):
 garbage-first heap   total 34816K, used 8096K [0x0000000702400000, 0x0000000800000000)
  region size 2048K, 1 young (2048K), 1 survivors (2048K)
 Metaspace       used 25211K, committed 25472K, reserved 1073152K
  class space    used 2608K, committed 2752K, reserved 1048576K
}
Event: 4.925 GC heap before
{Heap before GC invocations=5 (full 0):
 garbage-first heap   total 34816K, used 20384K [0x0000000702400000, 0x0000000800000000)
  region size 2048K, 8 young (16384K), 1 survivors (2048K)
 Metaspace       used 27054K, committed 27264K, reserved 1081344K
  class space    used 2784K, committed 2880K, reserved 1048576K
}
Event: 4.927 GC heap after
{Heap after GC invocations=6 (full 0):
 garbage-first heap   total 34816K, used 7945K [0x0000000702400000, 0x0000000800000000)
  region size 2048K, 1 young (2048K), 1 survivors (2048K)
 Metaspace       used 27054K, committed 27264K, reserved 1081344K
  class space    used 2784K, committed 2880K, reserved 1048576K
}
Event: 18.441 GC heap before
{Heap before GC invocations=6 (full 0):
 garbage-first heap   total 34816K, used 22281K [0x0000000702400000, 0x0000000800000000)
  region size 2048K, 8 young (16384K), 1 survivors (2048K)
 Metaspace       used 29959K, committed 30272K, reserved 1081344K
  class space    used 3096K, committed 3264K, reserved 1048576K
}
Event: 18.443 GC heap after
{Heap after GC invocations=7 (full 0):
 garbage-first heap   total 34816K, used 8788K [0x0000000702400000, 0x0000000800000000)
  region size 2048K, 1 young (2048K), 1 survivors (2048K)
 Metaspace       used 29959K, committed 30272K, reserved 1081344K
  class space    used 3096K, committed 3264K, reserved 1048576K
}

