# JRE version: OpenJDK Runtime Environment Temurin-17.0.1+12 (17.0.1+12) (build 17.0.1+12)
# Java VM: OpenJDK 64-Bit Server VM Temurin-17.0.1+12 (17.0.1+12, mixed mode, tiered, compressed oops, compressed class ptrs, g1 gc, windows-amd64)
GC Precious Log:
 CPUs: 8 total, 8 available
 Memory: 16078M
 Large Page Support: Disabled
 NUMA Support: Disabled
 Compressed Oops: Enabled (Zero based)
 Heap Region Size: 2M
 Heap Min Capacity: 8M
 Heap Initial Capacity: 252M
 Heap Max Capacity: 4020M
 Pre-touch: Disabled
 Parallel Workers: 8
 Concurrent Workers: 2
 Concurrent Refinement Workers: 8
 Periodic GC: Disabled
Heap:
 garbage-first heap   total 40960K, used 21861K [0x0000000704c00000, 0x0000000800000000)
  region size 2048K, 2 young (4096K), 1 survivors (2048K)
 Metaspace       used 31650K, committed 31936K, reserved 1081344K
  class space    used 3244K, committed 3392K, reserved 1048576K
GC Heap History (14 events):
Event: 0.624 GC heap before
{Heap before GC invocations=0 (full 0):
 garbage-first heap   total 258048K, used 26624K [0x0000000704c00000, 0x0000000800000000)
  region size 2048K, 11 young (22528K), 0 survivors (0K)
 Metaspace       used 17125K, committed 17280K, reserved 1064960K
  class space    used 1666K, committed 1728K, reserved 1048576K
}
Event: 0.629 GC heap after
{Heap after GC invocations=1 (full 0):
 garbage-first heap   total 258048K, used 7461K [0x0000000704c00000, 0x0000000800000000)
  region size 2048K, 2 young (4096K), 2 survivors (4096K)
 Metaspace       used 17125K, committed 17280K, reserved 1064960K
  class space    used 1666K, committed 1728K, reserved 1048576K
}
Event: 0.808 GC heap before
{Heap before GC invocations=1 (full 0):
 garbage-first heap   total 258048K, used 25893K [0x0000000704c00000, 0x0000000800000000)
  region size 2048K, 12 young (24576K), 2 survivors (4096K)
 Metaspace       used 21292K, committed 21504K, reserved 1073152K
  class space    used 2128K, committed 2240K, reserved 1048576K
}
Event: 0.812 GC heap after
{Heap after GC invocations=2 (full 0):
 garbage-first heap   total 258048K, used 8368K [0x0000000704c00000, 0x0000000800000000)
  region size 2048K, 1 young (2048K), 1 survivors (2048K)
 Metaspace       used 21292K, committed 21504K, reserved 1073152K
  class space    used 2128K, committed 2240K, reserved 1048576K
}
Event: 1.095 GC heap before
{Heap before GC invocations=3 (full 0):
 garbage-first heap   total 40960K, used 28848K [0x0000000704c00000, 0x0000000800000000)
  region size 2048K, 12 young (24576K), 1 survivors (2048K)
 Metaspace       used 24273K, committed 24512K, reserved 1073152K
  class space    used 2450K, committed 2560K, reserved 1048576K
}
Event: 1.098 GC heap after
{Heap after GC invocations=4 (full 0):
 garbage-first heap   total 40960K, used 12013K [0x0000000704c00000, 0x0000000800000000)
  region size 2048K, 3 young (6144K), 3 survivors (6144K)
 Metaspace       used 24273K, committed 24512K, reserved 1073152K
  class space    used 2450K, committed 2560K, reserved 1048576K
}
Event: 1.147 GC heap before
{Heap before GC invocations=4 (full 0):
 garbage-first heap   total 40960K, used 14061K [0x0000000704c00000, 0x0000000800000000)
  region size 2048K, 4 young (8192K), 3 survivors (6144K)
 Metaspace       used 24490K, committed 24704K, reserved 1073152K
  class space    used 2471K, committed 2560K, reserved 1048576K
}
Event: 1.149 GC heap after
{Heap after GC invocations=5 (full 0):
 garbage-first heap   total 40960K, used 12416K [0x0000000704c00000, 0x0000000800000000)
  region size 2048K, 1 young (2048K), 1 survivors (2048K)
 Metaspace       used 24490K, committed 24704K, reserved 1073152K
  class space    used 2471K, committed 2560K, reserved 1048576K
}
Event: 8.378 GC heap before
{Heap before GC invocations=5 (full 0):
 garbage-first heap   total 40960K, used 24704K [0x0000000704c00000, 0x0000000800000000)
  region size 2048K, 8 young (16384K), 1 survivors (2048K)
 Metaspace       used 27518K, committed 27776K, reserved 1081344K
  class space    used 2767K, committed 2880K, reserved 1048576K
}
Event: 8.381 GC heap after
{Heap after GC invocations=6 (full 0):
 garbage-first heap   total 40960K, used 12490K [0x0000000704c00000, 0x0000000800000000)
  region size 2048K, 1 young (2048K), 1 survivors (2048K)
 Metaspace       used 27518K, committed 27776K, reserved 1081344K
  class space    used 2767K, committed 2880K, reserved 1048576K
}
Event: 8.477 GC heap before
{Heap before GC invocations=6 (full 0):
 garbage-first heap   total 40960K, used 26826K [0x0000000704c00000, 0x0000000800000000)
  region size 2048K, 8 young (16384K), 1 survivors (2048K)
 Metaspace       used 29247K, committed 29440K, reserved 1081344K
  class space    used 3015K, committed 3136K, reserved 1048576K
}
Event: 8.478 GC heap after
{Heap after GC invocations=7 (full 0):
 garbage-first heap   total 40960K, used 12690K [0x0000000704c00000, 0x0000000800000000)
  region size 2048K, 1 young (2048K), 1 survivors (2048K)
 Metaspace       used 29247K, committed 29440K, reserved 1081344K
  class space    used 3015K, committed 3136K, reserved 1048576K
}
Event: 404.044 GC heap before
{Heap before GC invocations=7 (full 0):
 garbage-first heap   total 40960K, used 27026K [0x0000000704c00000, 0x0000000800000000)
  region size 2048K, 9 young (18432K), 1 survivors (2048K)
 Metaspace       used 31518K, committed 31808K, reserved 1081344K
  class space    used 3235K, committed 3392K, reserved 1048576K
}
Event: 404.045 GC heap after
{Heap after GC invocations=8 (full 0):
 garbage-first heap   total 40960K, used 13669K [0x0000000704c00000, 0x0000000800000000)
  region size 2048K, 1 young (2048K), 1 survivors (2048K)
 Metaspace       used 31518K, committed 31808K, reserved 1081344K
  class space    used 3235K, committed 3392K, reserved 1048576K
}

